#options: 4320x7680 fps=120/1 timebase=1/120 bitdepth=8 cabac=1 ref=1 deblock=1:0:0 analyse=0x1:0 me=dia subme=2 psy=1 psy_rd=1.00:0.00 mixed_ref=0 me_range=16 chroma_me=1 trellis=0 8x8dct=0 cqm=0 deadzone=21,11 fast_pskip=1 chroma_qp_offset=0 threads=12 lookahead_threads=4 sliced_threads=0 nr=0 decimate=1 interlaced=0 bluray_compat=0 constrained_intra=0 bframes=3 b_pyramid=2 b_adapt=1 b_bias=0 direct=1 weightb=1 open_gop=0 weightp=2 keyint=250 keyint_min=25 scenecut=40 intra_refresh=0 rc_lookahead=40 rc=abr mbtree=1 bitrate=13500 ratetol=1.0 qcomp=0.60 qpmin=0 qpmax=69 qpstep=4 ip_ratio=1.40 aq=1:1.00
in:0 out:0 type:I dur:8 cpbdur:8 q:40.95 aq:32.24 tex:671230 mv:384515 misc:8887 imb:129600 pmb:0 smb:0 d:- ref:;
in:4 out:1 type:P dur:8 cpbdur:8 q:41.33 aq:35.49 tex:295844 mv:232561 misc:70315 imb:33472 pmb:6119 smb:90009 d:- ref:0 ;
in:2 out:2 type:B dur:8 cpbdur:8 q:41.33 aq:35.94 tex:98234 mv:190176 misc:64846 imb:7053 pmb:14373 smb:108174 d:- ref:0 ;
in:1 out:3 type:b dur:8 cpbdur:8 q:41.33 aq:36.39 tex:55507 mv:117379 misc:47114 imb:3451 pmb:10296 smb:115853 d:- ref:0 ;
in:3 out:4 type:b dur:8 cpbdur:8 q:41.33 aq:36.54 tex:52744 mv:117860 misc:48076 imb:3443 pmb:9944 smb:116213 d:- ref:0 ;
in:8 out:5 type:P dur:8 cpbdur:8 q:41.45 aq:34.63 tex:273757 mv:239860 misc:73087 imb:39502 pmb:5974 smb:84124 d:- ref:0 ;
in:6 out:6 type:B dur:8 cpbdur:8 q:41.39 aq:34.87 tex:123168 mv:221019 misc:71021 imb:10486 pmb:13535 smb:105579 d:- ref:0 ;
in:5 out:7 type:b dur:8 cpbdur:8 q:41.36 aq:36.64 tex:69817 mv:133407 misc:51352 imb:5151 pmb:9654 smb:114795 d:- ref:0 ;
in:7 out:8 type:b dur:8 cpbdur:8 q:41.42 aq:36.12 tex:77946 mv:144421 misc:51769 imb:5589 pmb:9934 smb:114077 d:- ref:0 ;
in:11 out:9 type:P dur:8 cpbdur:8 q:41.54 aq:34.94 tex:257831 mv:221626 misc:71327 imb:39621 pmb:4251 smb:85728 d:- ref:0 ;
in:9 out:10 type:B dur:8 cpbdur:8 q:41.48 aq:35.12 tex:96355 mv:189704 misc:66445 imb:8035 pmb:12675 smb:108890 d:- ref:0 ;
in:10 out:11 type:b dur:8 cpbdur:8 q:41.51 aq:35.81 tex:75061 mv:162786 misc:58913 imb:6389 pmb:11400 smb:111811 d:- ref:0 ;
in:12 out:12 type:P dur:8 cpbdur:8 q:45.54 aq:38.25 tex:107471 mv:126758 misc:50227 imb:20591 pmb:2979 smb:106030 d:- ref:0 ;
in:13 out:13 type:P dur:8 cpbdur:8 q:46.40 aq:36.86 tex:219889 mv:195092 misc:51939 imb:53468 pmb:2263 smb:73869 d:- ref:0 ;
in:14 out:14 type:i dur:8 cpbdur:8 q:39.49 aq:29.85 tex:738442 mv:425497 misc:3237 imb:129600 pmb:0 smb:0 d:- ref:;
in:18 out:15 type:P dur:8 cpbdur:8 q:43.59 aq:37.57 tex:218887 mv:194946 misc:63071 imb:28480 pmb:5010 smb:96110 d:- ref:0 ;
in:16 out:16 type:B dur:8 cpbdur:8 q:43.59 aq:37.70 tex:83184 mv:159046 misc:56346 imb:6155 pmb:12256 smb:111189 d:- ref:0 ;
in:15 out:17 type:b dur:8 cpbdur:8 q:43.59 aq:38.94 tex:58966 mv:108512 misc:44178 imb:4258 pmb:9204 smb:116138 d:- ref:0 ;
in:17 out:18 type:b dur:8 cpbdur:8 q:43.59 aq:38.84 tex:47726 mv:77783 misc:35907 imb:2517 pmb:7133 smb:119950 d:- ref:0 ;
in:22 out:19 type:P dur:8 cpbdur:8 q:41.77 aq:35.62 tex:227178 mv:206524 misc:75546 imb:27381 pmb:6593 smb:95626 d:- ref:0 ;
in:20 out:20 type:B dur:8 cpbdur:8 q:42.68 aq:36.31 tex:85367 mv:150280 misc:55865 imb:5785 pmb:10936 smb:112879 d:- ref:0 ;
in:19 out:21 type:b dur:8 cpbdur:8 q:43.13 aq:37.45 tex:42840 mv:78911 misc:35977 imb:3111 pmb:6670 smb:119819 d:- ref:0 ;
in:21 out:22 type:b dur:8 cpbdur:8 q:42.22 aq:37.44 tex:47216 mv:80675 misc:37941 imb:2142 pmb:7294 smb:120164 d:- ref:0 ;
in:26 out:23 type:P dur:8 cpbdur:8 q:40.75 aq:34.22 tex:286998 mv:240840 misc:83386 imb:37057 pmb:6669 smb:85874 d:- ref:0 ;
in:24 out:24 type:B dur:8 cpbdur:8 q:41.26 aq:34.77 tex:94862 mv:170131 misc:63191 imb:6335 pmb:12305 smb:110960 d:- ref:0 ;
in:23 out:25 type:b dur:8 cpbdur:8 q:41.52 aq:36.56 tex:55508 mv:102936 misc:44964 imb:2897 pmb:8797 smb:117906 d:- ref:0 ;
in:25 out:26 type:b dur:8 cpbdur:8 q:41.01 aq:36.59 tex:64082 mv:100534 misc:43576 imb:2926 pmb:8772 smb:117902 d:- ref:0 ;
in:29 out:27 type:P dur:8 cpbdur:8 q:41.95 aq:36.27 tex:197191 mv:185162 misc:71703 imb:26460 pmb:5236 smb:97904 d:- ref:0 ;
in:27 out:28 type:B dur:8 cpbdur:8 q:41.15 aq:35.24 tex:76689 mv:145006 misc:54081 imb:5922 pmb:9601 smb:114077 d:- ref:0 ;
in:28 out:29 type:b dur:8 cpbdur:8 q:41.55 aq:34.99 tex:61857 mv:119609 misc:50238 imb:4214 pmb:8754 smb:116632 d:- ref:0 ;
in:30 out:30 type:P dur:8 cpbdur:8 q:41.39 aq:36.43 tex:175485 mv:157078 misc:68821 imb:22756 pmb:4795 smb:102049 d:- ref:0 ;
in:31 out:31 type:I dur:8 cpbdur:8 q:39.20 aq:30.28 tex:759410 mv:431544 misc:3422 imb:129600 pmb:0 smb:0 d:- ref:;
in:35 out:32 type:P dur:8 cpbdur:8 q:41.74 aq:36.02 tex:163225 mv:163104 misc:61975 imb:18064 pmb:5893 smb:105643 d:- ref:0 ;
in:33 out:33 type:B dur:8 cpbdur:8 q:41.74 aq:36.75 tex:98591 mv:156054 misc:52931 imb:7296 pmb:10382 smb:111922 d:- ref:0 ;
in:32 out:34 type:b dur:8 cpbdur:8 q:41.74 aq:37.36 tex:52702 mv:102967 misc:42907 imb:2743 pmb:9615 smb:117242 d:- ref:0 ;
in:34 out:35 type:b dur:8 cpbdur:8 q:41.74 aq:37.31 tex:53852 mv:101274 misc:40618 imb:4089 pmb:7387 smb:118124 d:- ref:0 ;
in:39 out:36 type:P dur:8 cpbdur:8 q:41.16 aq:35.42 tex:206158 mv:199150 misc:71252 imb:23802 pmb:6883 smb:98915 d:- ref:0 ;
in:37 out:37 type:B dur:8 cpbdur:8 q:41.45 aq:35.79 tex:90911 mv:153966 misc:55979 imb:5738 pmb:11561 smb:112301 d:- ref:0 ;
in:36 out:38 type:b dur:8 cpbdur:8 q:41.59 aq:37.69 tex:46347 mv:86790 misc:38279 imb:2140 pmb:7904 smb:119556 d:- ref:0 ;
in:38 out:39 type:b dur:8 cpbdur:8 q:41.30 aq:36.65 tex:53582 mv:110063 misc:44139 imb:3509 pmb:8937 smb:117154 d:- ref:0 ;
in:43 out:40 type:P dur:8 cpbdur:8 q:40.50 aq:33.65 tex:308907 mv:254666 misc:75955 imb:41796 pmb:6219 smb:81585 d:- ref:0 ;
in:41 out:41 type:B dur:8 cpbdur:8 q:40.83 aq:34.55 tex:118605 mv:220366 misc:68685 imb:9666 pmb:14206 smb:105728 d:- ref:0 ;
in:40 out:42 type:b dur:8 cpbdur:8 q:40.99 aq:36.01 tex:57096 mv:121019 misc:47341 imb:4229 pmb:9621 smb:115750 d:- ref:0 ;
in:42 out:43 type:b dur:8 cpbdur:8 q:40.66 aq:35.49 tex:79761 mv:154941 misc:54994 imb:6277 pmb:10806 smb:112517 d:- ref:0 ;
in:47 out:44 type:P dur:8 cpbdur:8 q:40.24 aq:33.38 tex:357632 mv:279176 misc:80792 imb:46259 pmb:6596 smb:76745 d:- ref:0 ;
in:45 out:45 type:B dur:8 cpbdur:8 q:40.37 aq:33.65 tex:134331 mv:246109 misc:76832 imb:10782 pmb:15200 smb:103618 d:- ref:0 ;
in:44 out:46 type:b dur:8 cpbdur:8 q:40.43 aq:34.59 tex:77941 mv:169018 misc:60521 imb:6240 pmb:12041 smb:111319 d:- ref:0 ;
in:46 out:47 type:b dur:8 cpbdur:8 q:40.30 aq:34.62 tex:67291 mv:151825 misc:58764 imb:5055 pmb:11386 smb:113159 d:- ref:0 ;
in:51 out:48 type:P dur:8 cpbdur:8 q:39.84 aq:32.85 tex:394534 mv:292034 misc:73048 imb:52851 pmb:6539 smb:70210 d:- ref:0 ;
in:49 out:49 type:B dur:8 cpbdur:8 q:40.04 aq:33.54 tex:132815 mv:252439 misc:77002 imb:12068 pmb:15197 smb:102335 d:- ref:0 ;
in:48 out:50 type:b dur:8 cpbdur:8 q:40.14 aq:34.62 tex:73822 mv:158260 misc:58742 imb:5895 pmb:11435 smb:112270 d:- ref:0 ;
in:50 out:51 type:b dur:8 cpbdur:8 q:39.94 aq:34.86 tex:88154 mv:165055 misc:60671 imb:6281 pmb:11825 smb:111494 d:- ref:0 ;
in:55 out:52 type:P dur:8 cpbdur:8 q:39.60 aq:32.53 tex:345027 mv:282904 misc:85869 imb:42028 pmb:7932 smb:79640 d:- ref:0 ;
in:53 out:53 type:B dur:8 cpbdur:8 q:39.72 aq:32.94 tex:139949 mv:239329 misc:78826 imb:10116 pmb:15711 smb:103773 d:- ref:0 ;
in:52 out:54 type:b dur:8 cpbdur:8 q:39.78 aq:34.14 tex:81189 mv:174085 misc:61270 imb:6149 pmb:12551 smb:110900 d:- ref:0 ;
in:54 out:55 type:b dur:8 cpbdur:8 q:39.66 aq:33.83 tex:67169 mv:145998 misc:58585 imb:4583 pmb:11510 smb:113507 d:- ref:0 ;
in:59 out:56 type:P dur:8 cpbdur:8 q:39.66 aq:33.36 tex:293295 mv:257641 misc:87184 imb:33539 pmb:8350 smb:87711 d:- ref:0 ;
in:57 out:57 type:B dur:8 cpbdur:8 q:39.63 aq:32.87 tex:149432 mv:242009 misc:82487 imb:10462 pmb:16267 smb:102871 d:- ref:0 ;
in:56 out:58 type:b dur:8 cpbdur:8 q:39.61 aq:34.39 tex:63055 mv:141868 misc:55597 imb:4194 pmb:11190 smb:114216 d:- ref:0 ;
in:58 out:59 type:b dur:8 cpbdur:8 q:39.64 aq:33.47 tex:62230 mv:133399 misc:56291 imb:3879 pmb:10636 smb:115085 d:- ref:0 ;
in:60 out:60 type:I dur:8 cpbdur:8 q:37.69 aq:31.66 tex:975408 mv:489878 misc:3858 imb:129600 pmb:0 smb:0 d:- ref:;
in:64 out:61 type:P dur:8 cpbdur:8 q:40.08 aq:33.56 tex:204826 mv:198248 misc:73654 imb:19523 pmb:8069 smb:102008 d:- ref:0 ;
in:62 out:62 type:B dur:8 cpbdur:8 q:40.08 aq:33.23 tex:84879 mv:164132 misc:63253 imb:4541 pmb:13721 smb:111338 d:- ref:0 ;
in:61 out:63 type:b dur:8 cpbdur:8 q:40.08 aq:33.80 tex:45137 mv:103062 misc:47745 imb:2272 pmb:9949 smb:117379 d:- ref:0 ;
in:63 out:64 type:b dur:8 cpbdur:8 q:40.08 aq:35.37 tex:42636 mv:99911 misc:46317 imb:2211 pmb:9267 smb:118122 d:- ref:0 ;
in:68 out:65 type:P dur:8 cpbdur:8 q:40.06 aq:33.59 tex:291329 mv:234138 misc:77957 imb:32944 pmb:6724 smb:89932 d:- ref:0 ;
in:66 out:66 type:B dur:8 cpbdur:8 q:40.07 aq:33.94 tex:112778 mv:204222 misc:72136 imb:7165 pmb:15577 smb:106858 d:- ref:0 ;
in:65 out:67 type:b dur:8 cpbdur:8 q:40.08 aq:35.08 tex:50912 mv:125372 misc:52084 imb:3459 pmb:10531 smb:115610 d:- ref:0 ;
in:67 out:68 type:b dur:8 cpbdur:8 q:40.07 aq:35.34 tex:57277 mv:132423 misc:54044 imb:3438 pmb:11510 smb:114652 d:- ref:0 ;
in:72 out:69 type:P dur:8 cpbdur:8 q:39.98 aq:33.18 tex:312151 mv:267655 misc:88674 imb:33493 pmb:8962 smb:87145 d:- ref:0 ;
in:70 out:70 type:B dur:8 cpbdur:8 q:40.02 aq:33.55 tex:122062 mv:222036 misc:76390 imb:7505 pmb:16727 smb:105368 d:- ref:0 ;
in:69 out:71 type:b dur:8 cpbdur:8 q:40.04 aq:34.50 tex:62283 mv:146384 misc:57853 imb:4496 pmb:11637 smb:113467 d:- ref:0 ;
in:71 out:72 type:b dur:8 cpbdur:8 q:40.00 aq:35.05 tex:48478 mv:105056 misc:47634 imb:2404 pmb:9293 smb:117903 d:- ref:0 ;
in:76 out:73 type:P dur:8 cpbdur:8 q:39.80 aq:32.84 tex:331529 mv:281947 misc:92260 imb:39244 pmb:8806 smb:81550 d:- ref:0 ;
in:74 out:74 type:B dur:8 cpbdur:8 q:39.89 aq:33.09 tex:126165 mv:233700 misc:79399 imb:8791 pmb:15860 smb:104949 d:- ref:0 ;
in:73 out:75 type:b dur:8 cpbdur:8 q:39.93 aq:34.44 tex:55565 mv:126079 misc:54284 imb:3212 pmb:10818 smb:115570 d:- ref:0 ;
in:75 out:76 type:b dur:8 cpbdur:8 q:39.84 aq:35.01 tex:54941 mv:115953 misc:49666 imb:3459 pmb:9227 smb:116914 d:- ref:0 ;
in:80 out:77 type:P dur:8 cpbdur:8 q:39.55 aq:32.49 tex:371411 mv:295229 misc:85248 imb:44084 pmb:8374 smb:77142 d:- ref:0 ;
in:78 out:78 type:B dur:8 cpbdur:8 q:39.67 aq:32.64 tex:150736 mv:256612 misc:78876 imb:11875 pmb:15652 smb:102073 d:- ref:0 ;
in:77 out:79 type:b dur:8 cpbdur:8 q:39.74 aq:34.02 tex:60541 mv:125004 misc:51063 imb:4417 pmb:9303 smb:115880 d:- ref:0 ;
in:79 out:80 type:b dur:8 cpbdur:8 q:39.61 aq:34.15 tex:77909 mv:152360 misc:55291 imb:6029 pmb:10516 smb:113055 d:- ref:0 ;
in:84 out:81 type:P dur:8 cpbdur:8 q:39.40 aq:32.11 tex:413323 mv:316485 misc:78448 imb:52432 pmb:7661 smb:69507 d:- ref:0 ;
in:82 out:82 type:B dur:8 cpbdur:8 q:39.47 aq:32.26 tex:205283 mv:331659 misc:85746 imb:17622 pmb:17531 smb:94447 d:- ref:0 ;
in:81 out:83 type:b dur:8 cpbdur:8 q:39.51 aq:33.70 tex:103642 mv:197280 misc:63062 imb:8365 pmb:12811 smb:108424 d:- ref:0 ;
in:83 out:84 type:b dur:8 cpbdur:8 q:39.44 aq:33.84 tex:109209 mv:194409 misc:65006 imb:7461 pmb:13661 smb:108478 d:- ref:0 ;
in:88 out:85 type:P dur:8 cpbdur:8 q:39.38 aq:31.96 tex:410346 mv:327983 misc:84407 imb:49249 pmb:8660 smb:71691 d:- ref:0 ;
in:86 out:86 type:B dur:8 cpbdur:8 q:39.39 aq:31.89 tex:202082 mv:338275 misc:90315 imb:16623 pmb:19020 smb:93957 d:- ref:0 ;
in:85 out:87 type:b dur:8 cpbdur:8 q:39.39 aq:32.55 tex:109555 mv:215413 misc:71168 imb:9015 pmb:14171 smb:106414 d:- ref:0 ;
in:87 out:88 type:b dur:8 cpbdur:8 q:39.38 aq:33.45 tex:95848 mv:170391 misc:58761 imb:6592 pmb:11593 smb:111415 d:- ref:0 ;
in:89 out:89 type:P dur:8 cpbdur:8 q:39.24 aq:32.23 tex:229378 mv:225654 misc:76520 imb:23454 pmb:8899 smb:97247 d:- ref:0 ;
in:90 out:90 type:I dur:8 cpbdur:8 q:36.95 aq:30.71 tex:945216 mv:514570 misc:4318 imb:129600 pmb:0 smb:0 d:- ref:;
in:93 out:91 type:P dur:8 cpbdur:8 q:39.51 aq:30.47 tex:487405 mv:423093 misc:72710 imb:74837 pmb:8929 smb:45834 d:- ref:0 ;
in:91 out:92 type:B dur:8 cpbdur:8 q:39.51 aq:31.84 tex:132218 mv:237958 misc:69448 imb:10885 pmb:14452 smb:104263 d:- ref:0 ;
in:92 out:93 type:b dur:10 cpbdur:10 q:39.51 aq:32.81 tex:131040 mv:235523 misc:69485 imb:11933 pmb:13613 smb:104054 d:- ref:0 ;
in:94 out:94 type:P dur:8 cpbdur:8 q:39.58 aq:31.09 tex:327324 mv:319495 misc:84109 imb:44336 pmb:9686 smb:75578 d:- ref:0 ;
in:97 out:95 type:P dur:8 cpbdur:8 q:39.57 aq:32.46 tex:557698 mv:420705 misc:64013 imb:81649 pmb:7780 smb:40171 d:- ref:0 ;
in:95 out:96 type:B dur:8 cpbdur:8 q:39.58 aq:32.80 tex:215118 mv:342137 misc:87105 imb:18553 pmb:19098 smb:91949 d:- ref:0 ;
in:96 out:97 type:b dur:8 cpbdur:8 q:39.57 aq:33.39 tex:159633 mv:265107 misc:77868 imb:13598 pmb:15901 smb:100101 d:- ref:0 ;
in:98 out:98 type:P dur:8 cpbdur:8 q:39.72 aq:31.89 tex:392241 mv:344733 misc:72018 imb:58512 pmb:8519 smb:62569 d:- ref:0 ;
in:100 out:99 type:P dur:8 cpbdur:8 q:39.79 aq:33.01 tex:492036 mv:388296 misc:75676 imb:69114 pmb:8050 smb:52436 d:- ref:0 ;
in:99 out:100 type:b dur:8 cpbdur:8 q:39.75 aq:33.91 tex:181940 mv:287711 misc:84093 imb:14852 pmb:17744 smb:97004 d:- ref:0 ;
in:103 out:101 type:P dur:8 cpbdur:8 q:39.77 aq:31.36 tex:571312 mv:408834 misc:56734 imb:90565 pmb:5804 smb:33231 d:- ref:0 ;
in:101 out:102 type:B dur:8 cpbdur:8 q:39.79 aq:32.72 tex:198216 mv:339446 misc:90746 imb:18208 pmb:17447 smb:93945 d:- ref:0 ;
in:102 out:103 type:b dur:8 cpbdur:8 q:39.78 aq:33.60 tex:148443 mv:269709 misc:80520 imb:13585 pmb:15464 smb:100551 d:- ref:0 ;
in:107 out:104 type:P dur:8 cpbdur:8 q:40.01 aq:33.06 tex:624127 mv:367727 misc:66314 imb:77327 pmb:6619 smb:45654 d:- ref:0 ;
in:105 out:105 type:B dur:8 cpbdur:8 q:39.89 aq:32.33 tex:215960 mv:362316 misc:94948 imb:22202 pmb:17408 smb:89990 d:- ref:0 ;
in:104 out:106 type:b dur:8 cpbdur:8 q:39.83 aq:32.81 tex:128542 mv:267157 misc:82437 imb:12721 pmb:15482 smb:101397 d:- ref:0 ;
in:106 out:107 type:b dur:8 cpbdur:8 q:39.95 aq:34.31 tex:112508 mv:194497 misc:75747 imb:6591 pmb:17021 smb:105988 d:- ref:0 ;
in:110 out:108 type:P dur:8 cpbdur:8 q:40.49 aq:32.64 tex:368601 mv:302470 misc:73081 imb:61305 pmb:5314 smb:62981 d:- ref:0 ;
in:108 out:109 type:B dur:8 cpbdur:8 q:40.17 aq:32.62 tex:117398 mv:231474 misc:80528 imb:9370 pmb:15779 smb:104451 d:- ref:0 ;
in:109 out:110 type:b dur:8 cpbdur:8 q:40.33 aq:33.32 tex:85928 mv:178683 misc:68477 imb:7813 pmb:12024 smb:109763 d:- ref:0 ;
in:113 out:111 type:P dur:8 cpbdur:8 q:40.86 aq:32.46 tex:370796 mv:312945 misc:67091 imb:69254 pmb:4588 smb:55758 d:- ref:0 ;
in:111 out:112 type:B dur:8 cpbdur:8 q:40.61 aq:32.69 tex:120764 mv:249618 misc:79754 imb:13357 pmb:14032 smb:102211 d:- ref:0 ;
in:112 out:113 type:b dur:8 cpbdur:8 q:40.74 aq:32.96 tex:99702 mv:210869 misc:73229 imb:11258 pmb:12063 smb:106279 d:- ref:0 ;
in:114 out:114 type:P dur:8 cpbdur:8 q:41.21 aq:32.64 tex:155277 mv:176459 misc:73464 imb:22819 pmb:4877 smb:101904 d:- ref:0 ;
in:115 out:115 type:I dur:8 cpbdur:8 q:37.14 aq:29.29 tex:874735 mv:462019 misc:4758 imb:129600 pmb:0 smb:0 d:- ref:;
in:117 out:116 type:P dur:8 cpbdur:8 q:41.51 aq:33.25 tex:287251 mv:276033 misc:58316 imb:63044 pmb:4103 smb:62453 d:- ref:0 ;
in:116 out:117 type:b dur:8 cpbdur:8 q:41.51 aq:33.93 tex:95446 mv:214865 misc:68305 imb:12484 pmb:11430 smb:105686 d:- ref:0 ;
in:118 out:118 type:P dur:8 cpbdur:8 q:41.60 aq:33.11 tex:249869 mv:246727 misc:80580 imb:43754 pmb:4827 smb:81019 d:- ref:0 ;
in:119 out:119 type:P dur:8 cpbdur:8 q:41.60 aq:33.12 tex:239008 mv:236605 misc:85563 imb:39831 pmb:5136 smb:84633 d:- ref:0 ;
in:121 out:120 type:P dur:8 cpbdur:8 q:41.65 aq:33.58 tex:399413 mv:321470 misc:56493 imb:86258 pmb:3358 smb:39984 d:- ref:0 ;
in:120 out:121 type:b dur:8 cpbdur:8 q:41.63 aq:36.14 tex:103239 mv:211084 misc:71133 imb:13248 pmb:12293 smb:104059 d:- ref:0 ;
in:122 out:122 type:P dur:8 cpbdur:8 q:41.61 aq:33.76 tex:245931 mv:238226 misc:71307 imb:46443 pmb:4583 smb:78574 d:- ref:0 ;
in:123 out:123 type:P dur:8 cpbdur:8 q:41.68 aq:33.78 tex:238639 mv:237625 misc:71480 imb:46827 pmb:4703 smb:78070 d:- ref:0 ;
in:124 out:124 type:P dur:8 cpbdur:8 q:41.70 aq:33.39 tex:239823 mv:250928 misc:74177 imb:50604 pmb:4806 smb:74190 d:- ref:0 ;
in:125 out:125 type:P dur:8 cpbdur:8 q:41.70 aq:33.66 tex:231330 mv:239131 misc:80443 imb:42401 pmb:5443 smb:81756 d:- ref:0 ;
in:126 out:126 type:P dur:8 cpbdur:8 q:41.66 aq:33.38 tex:255467 mv:255739 misc:77122 imb:49967 pmb:5104 smb:74529 d:- ref:0 ;
in:129 out:127 type:P dur:8 cpbdur:8 q:41.75 aq:33.06 tex:420418 mv:338309 misc:49297 imb:90572 pmb:4101 smb:34927 d:- ref:0 ;
in:127 out:128 type:B dur:8 cpbdur:8 q:41.69 aq:33.82 tex:187952 mv:327029 misc:86475 imb:21919 pmb:16086 smb:91595 d:- ref:0 ;
in:128 out:129 type:b dur:8 cpbdur:8 q:41.72 aq:34.06 tex:142704 mv:279335 misc:83481 imb:17404 pmb:15419 smb:96777 d:- ref:0 ;
in:131 out:130 type:P dur:8 cpbdur:8 q:41.74 aq:33.73 tex:320818 mv:281253 misc:67161 imb:61118 pmb:4562 smb:63920 d:- ref:0 ;
in:130 out:131 type:b dur:8 cpbdur:8 q:41.74 aq:33.23 tex:117898 mv:264561 misc:82453 imb:15287 pmb:14337 smb:99976 d:- ref:0 ;
in:134 out:132 type:P dur:8 cpbdur:8 q:41.80 aq:34.03 tex:382493 mv:306041 misc:62578 imb:73310 pmb:3748 smb:52542 d:- ref:0 ;
in:132 out:133 type:B dur:8 cpbdur:8 q:41.76 aq:33.60 tex:143364 mv:286238 misc:85062 imb:16943 pmb:14547 smb:98110 d:- ref:0 ;
in:133 out:134 type:b dur:8 cpbdur:8 q:41.78 aq:33.78 tex:98928 mv:217933 misc:76707 imb:12209 pmb:12757 smb:104634 d:- ref:0 ;
in:138 out:135 type:P dur:8 cpbdur:8 q:41.79 aq:34.39 tex:293201 mv:265483 misc:67348 imb:55838 pmb:4712 smb:69050 d:- ref:0 ;
in:136 out:136 type:B dur:8 cpbdur:8 q:41.80 aq:34.11 tex:130102 mv:251568 misc:80738 imb:14423 pmb:14117 smb:101060 d:- ref:0 ;
in:135 out:137 type:b dur:8 cpbdur:8 q:41.80 aq:34.68 tex:80920 mv:185714 misc:69182 imb:9304 pmb:12163 smb:108133 d:- ref:0 ;
in:137 out:138 type:b dur:8 cpbdur:8 q:41.80 aq:34.70 tex:57558 mv:130831 misc:57683 imb:5401 pmb:9432 smb:114767 d:- ref:0 ;
in:140 out:139 type:P dur:8 cpbdur:8 q:41.91 aq:34.75 tex:167614 mv:174045 misc:71285 imb:25354 pmb:4465 smb:99781 d:- ref:0 ;
in:139 out:140 type:b dur:8 cpbdur:8 q:41.85 aq:34.82 tex:60653 mv:128066 misc:55761 imb:5201 pmb:9421 smb:114978 d:- ref:0 ;
in:141 out:141 type:P dur:8 cpbdur:8 q:42.03 aq:34.81 tex:147739 mv:171100 misc:73825 imb:22228 pmb:4889 smb:102483 d:- ref:0 ;
in:142 out:142 type:P dur:8 cpbdur:8 q:42.10 aq:34.97 tex:164215 mv:181387 misc:77094 imb:24483 pmb:5063 smb:100054 d:- ref:0 ;
in:143 out:143 type:P dur:8 cpbdur:8 q:42.14 aq:34.85 tex:165467 mv:181350 misc:78063 imb:25420 pmb:4987 smb:99193 d:- ref:0 ;
in:144 out:144 type:P dur:8 cpbdur:8 q:42.23 aq:34.93 tex:170694 mv:184639 misc:78739 imb:25704 pmb:5089 smb:98807 d:- ref:0 ;
in:145 out:145 type:P dur:8 cpbdur:8 q:42.29 aq:34.91 tex:163709 mv:178260 misc:78551 imb:23212 pmb:5279 smb:101109 d:- ref:0 ;
in:146 out:146 type:P dur:8 cpbdur:8 q:42.31 aq:34.53 tex:166013 mv:182128 misc:81187 imb:24209 pmb:5403 smb:99988 d:- ref:0 ;
in:147 out:147 type:P dur:8 cpbdur:8 q:42.37 aq:34.59 tex:179943 mv:196976 misc:84977 imb:27235 pmb:5678 smb:96687 d:- ref:0 ;
in:148 out:148 type:I dur:8 cpbdur:8 q:38.65 aq:31.15 tex:747196 mv:409596 misc:3400 imb:129600 pmb:0 smb:0 d:- ref:;
in:151 out:149 type:P dur:8 cpbdur:8 q:42.47 aq:35.02 tex:273293 mv:233392 misc:71435 imb:40819 pmb:5096 smb:83685 d:- ref:0 ;
in:149 out:150 type:B dur:8 cpbdur:8 q:42.47 aq:35.04 tex:61393 mv:154130 misc:58757 imb:6113 pmb:11632 smb:111855 d:- ref:0 ;
in:150 out:151 type:b dur:8 cpbdur:8 q:42.47 aq:36.40 tex:62067 mv:149237 misc:56840 imb:6197 pmb:11299 smb:112104 d:- ref:0 ;
in:154 out:152 type:P dur:8 cpbdur:8 q:42.35 aq:35.20 tex:304824 mv:249585 misc:75671 imb:49723 pmb:5024 smb:74853 d:- ref:0 ;
in:152 out:153 type:B dur:8 cpbdur:8 q:42.43 aq:35.01 tex:112471 mv:224416 misc:74121 imb:11274 pmb:13647 smb:104679 d:- ref:0 ;
in:153 out:154 type:b dur:8 cpbdur:8 q:42.39 aq:35.34 tex:82644 mv:178176 misc:64556 imb:7850 pmb:12349 smb:109401 d:- ref:0 ;
in:157 out:155 type:P dur:8 cpbdur:8 q:42.23 aq:34.99 tex:348915 mv:264907 misc:69754 imb:56042 pmb:4465 smb:69093 d:- ref:0 ;
in:155 out:156 type:B dur:8 cpbdur:8 q:42.31 aq:35.00 tex:126163 mv:238430 misc:75551 imb:11915 pmb:14144 smb:103541 d:- ref:0 ;
in:156 out:157 type:b dur:8 cpbdur:8 q:42.27 aq:35.24 tex:97874 mv:197841 misc:69981 imb:9135 pmb:13562 smb:106903 d:- ref:0 ;
in:160 out:158 type:P dur:8 cpbdur:8 q:42.12 aq:34.52 tex:332672 mv:269309 misc:73979 imb:55903 pmb:4493 smb:69204 d:- ref:0 ;
in:158 out:159 type:B dur:8 cpbdur:8 q:42.19 aq:34.78 tex:128745 mv:242959 misc:79136 imb:12375 pmb:14706 smb:102519 d:- ref:0 ;
in:159 out:160 type:b dur:8 cpbdur:8 q:42.16 aq:34.97 tex:97485 mv:198882 misc:70121 imb:9685 pmb:13029 smb:106886 d:- ref:0 ;
in:163 out:161 type:P dur:8 cpbdur:8 q:42.14 aq:34.16 tex:332207 mv:276117 misc:78612 imb:56197 pmb:4589 smb:68814 d:- ref:0 ;
in:161 out:162 type:B dur:8 cpbdur:8 q:42.13 aq:33.97 tex:130653 mv:248973 misc:79542 imb:13352 pmb:14309 smb:101939 d:- ref:0 ;
in:162 out:163 type:b dur:8 cpbdur:8 q:42.13 aq:34.34 tex:103938 mv:207603 misc:72891 imb:10462 pmb:13169 smb:105969 d:- ref:0 ;
in:164 out:164 type:P dur:8 cpbdur:8 q:42.08 aq:34.54 tex:178751 mv:205643 misc:83438 imb:25789 pmb:5874 smb:97937 d:- ref:0 ;
in:165 out:165 type:i dur:8 cpbdur:8 q:39.03 aq:29.32 tex:729522 mv:429897 misc:2893 imb:129600 pmb:0 smb:0 d:- ref:;
in:166 out:166 type:P dur:8 cpbdur:8 q:42.14 aq:34.01 tex:145789 mv:174906 misc:64401 imb:19209 pmb:5758 smb:104633 d:- ref:0 ;
in:167 out:167 type:i dur:8 cpbdur:8 q:39.04 aq:33.17 tex:1060023 mv:473898 misc:5775 imb:129600 pmb:0 smb:0 d:- ref:;
in:170 out:168 type:P dur:8 cpbdur:8 q:42.34 aq:35.05 tex:300866 mv:249424 misc:72822 imb:42297 pmb:5335 smb:81968 d:- ref:0 ;
in:168 out:169 type:B dur:8 cpbdur:8 q:42.34 aq:36.07 tex:106959 mv:192843 misc:67518 imb:8512 pmb:13524 smb:107564 d:- ref:0 ;
in:169 out:170 type:b dur:8 cpbdur:8 q:42.34 aq:34.80 tex:98686 mv:184494 misc:67700 imb:8443 pmb:12623 smb:108534 d:- ref:0 ;
in:174 out:171 type:P dur:8 cpbdur:8 q:42.41 aq:35.32 tex:347708 mv:269977 misc:73051 imb:49847 pmb:5370 smb:74383 d:- ref:0 ;
in:172 out:172 type:B dur:8 cpbdur:8 q:42.37 aq:35.00 tex:158928 mv:275002 misc:82494 imb:15194 pmb:15694 smb:98712 d:- ref:0 ;
in:171 out:173 type:b dur:8 cpbdur:8 q:42.35 aq:34.90 tex:89747 mv:184622 misc:66847 imb:8117 pmb:12589 smb:108894 d:- ref:0 ;
in:173 out:174 type:b dur:8 cpbdur:8 q:42.39 aq:35.70 tex:83766 mv:170626 misc:65672 imb:7331 pmb:12504 smb:109765 d:- ref:0 ;
in:178 out:175 type:P dur:6 cpbdur:6 q:43.48 aq:36.67 tex:268384 mv:237127 misc:78377 imb:42263 pmb:5119 smb:82218 d:- ref:0 ;
in:176 out:176 type:B dur:8 cpbdur:8 q:42.94 aq:35.75 tex:142082 mv:271066 misc:84340 imb:14075 pmb:15942 smb:99583 d:- ref:0 ;
in:175 out:177 type:b dur:8 cpbdur:8 q:42.68 aq:36.55 tex:82124 mv:194240 misc:68372 imb:7863 pmb:13237 smb:108500 d:- ref:0 ;
in:177 out:178 type:b dur:8 cpbdur:8 q:43.21 aq:36.49 tex:70006 mv:161952 misc:62826 imb:6340 pmb:11351 smb:111909 d:- ref:0 ;
in:179 out:179 type:P dur:8 cpbdur:8 q:42.66 aq:37.79 tex:162329 mv:173954 misc:72861 imb:19910 pmb:6098 smb:103592 d:- ref:0 ;
in:180 out:180 type:I dur:10 cpbdur:10 q:39.37 aq:31.85 tex:852703 mv:432124 misc:4069 imb:129600 pmb:0 smb:0 d:- ref:;
in:184 out:181 type:P dur:6 cpbdur:6 q:43.75 aq:36.18 tex:206181 mv:200768 misc:68275 imb:33007 pmb:4866 smb:91727 d:- ref:0 ;
in:182 out:182 type:B dur:8 cpbdur:8 q:43.75 aq:35.45 tex:97211 mv:193847 misc:70046 imb:9113 pmb:13887 smb:106600 d:- ref:0 ;
in:181 out:183 type:b dur:8 cpbdur:8 q:43.75 aq:34.43 tex:65824 mv:151044 misc:60852 imb:6139 pmb:11542 smb:111919 d:- ref:0 ;
in:183 out:184 type:b dur:8 cpbdur:8 q:43.75 aq:36.39 tex:52546 mv:124192 misc:55582 imb:4777 pmb:10180 smb:114643 d:- ref:0 ;
in:188 out:185 type:P dur:8 cpbdur:8 q:42.76 aq:36.33 tex:214738 mv:205252 misc:74970 imb:36362 pmb:4444 smb:88794 d:- ref:0 ;
in:186 out:186 type:B dur:8 cpbdur:8 q:43.26 aq:36.23 tex:82210 mv:194794 misc:71020 imb:10312 pmb:12617 smb:106671 d:- ref:0 ;
in:185 out:187 type:b dur:8 cpbdur:8 q:43.50 aq:38.33 tex:50706 mv:122950 misc:54704 imb:5060 pmb:9963 smb:114577 d:- ref:0 ;
in:187 out:188 type:b dur:8 cpbdur:8 q:43.01 aq:36.25 tex:40759 mv:117477 misc:52476 imb:5044 pmb:8561 smb:115995 d:- ref:0 ;
in:192 out:189 type:P dur:8 cpbdur:8 q:42.74 aq:35.70 tex:197228 mv:194845 misc:75223 imb:30071 pmb:5222 smb:94307 d:- ref:0 ;
in:190 out:190 type:B dur:8 cpbdur:8 q:42.75 aq:35.53 tex:87790 mv:196381 misc:69133 imb:11434 pmb:10879 smb:107287 d:- ref:0 ;
in:189 out:191 type:b dur:8 cpbdur:8 q:42.76 aq:36.44 tex:46099 mv:124823 misc:50118 imb:5641 pmb:8097 smb:115862 d:- ref:0 ;
in:191 out:192 type:b dur:8 cpbdur:8 q:42.74 aq:36.37 tex:44333 mv:116876 misc:50447 imb:5190 pmb:7855 smb:116555 d:- ref:0 ;
in:196 out:193 type:P dur:8 cpbdur:8 q:42.76 aq:35.63 tex:264898 mv:235275 misc:85427 imb:35634 pmb:6527 smb:87439 d:- ref:0 ;
in:194 out:194 type:B dur:8 cpbdur:8 q:42.75 aq:33.50 tex:125274 mv:260584 misc:87070 imb:14042 pmb:14807 smb:100751 d:- ref:0 ;
in:193 out:195 type:b dur:10 cpbdur:10 q:42.74 aq:35.99 tex:53230 mv:146239 misc:56091 imb:6588 pmb:9101 smb:113911 d:- ref:0 ;
in:195 out:196 type:b dur:8 cpbdur:8 q:42.75 aq:36.03 tex:48092 mv:120584 misc:54828 imb:4537 pmb:9602 smb:115461 d:- ref:0 ;
in:200 out:197 type:P dur:8 cpbdur:8 q:42.67 aq:35.92 tex:267457 mv:241808 misc:89607 imb:35952 pmb:6995 smb:86653 d:- ref:0 ;
in:198 out:198 type:B dur:8 cpbdur:8 q:42.71 aq:35.54 tex:106186 mv:206297 misc:77069 imb:10222 pmb:13383 smb:105995 d:- ref:0 ;
in:197 out:199 type:b dur:8 cpbdur:8 q:42.73 aq:36.33 tex:55885 mv:136478 misc:59621 imb:5389 pmb:10004 smb:114207 d:- ref:0 ;
in:199 out:200 type:b dur:8 cpbdur:8 q:42.69 aq:36.17 tex:55904 mv:126825 misc:56719 imb:5220 pmb:9058 smb:115322 d:- ref:0 ;
in:204 out:201 type:P dur:8 cpbdur:8 q:42.57 aq:35.42 tex:259782 mv:246739 misc:94279 imb:36808 pmb:6816 smb:85976 d:- ref:0 ;
in:202 out:202 type:B dur:8 cpbdur:8 q:42.62 aq:35.51 tex:106017 mv:208840 misc:77471 imb:10144 pmb:12965 smb:106491 d:- ref:0 ;
in:201 out:203 type:b dur:8 cpbdur:8 q:42.64 aq:36.27 tex:62343 mv:140651 misc:58654 imb:6039 pmb:9364 smb:114197 d:- ref:0 ;
in:203 out:204 type:b dur:8 cpbdur:8 q:42.59 aq:36.37 tex:58545 mv:128865 misc:56918 imb:5420 pmb:9015 smb:115165 d:- ref:0 ;
in:208 out:205 type:P dur:8 cpbdur:8 q:42.47 aq:35.63 tex:222013 mv:221828 misc:91415 imb:32167 pmb:6509 smb:90924 d:- ref:0 ;
in:206 out:206 type:B dur:8 cpbdur:8 q:42.52 aq:35.37 tex:104629 mv:209589 misc:77998 imb:10877 pmb:12481 smb:106242 d:- ref:0 ;
in:205 out:207 type:b dur:8 cpbdur:8 q:42.54 aq:36.28 tex:62556 mv:140717 misc:59711 imb:6250 pmb:9333 smb:114017 d:- ref:0 ;
in:207 out:208 type:b dur:8 cpbdur:8 q:42.49 aq:36.40 tex:51302 mv:119659 misc:54287 imb:5024 pmb:8175 smb:116401 d:- ref:0 ;
in:209 out:209 type:P dur:8 cpbdur:8 q:42.39 aq:36.37 tex:104486 mv:137739 misc:70703 imb:14286 pmb:5471 smb:109843 d:- ref:0 ;
in:210 out:210 type:I dur:8 cpbdur:8 q:39.72 aq:30.66 tex:915851 mv:462908 misc:4193 imb:129600 pmb:0 smb:0 d:- ref:;
in:214 out:211 type:P dur:8 cpbdur:8 q:42.44 aq:35.78 tex:169184 mv:188902 misc:72562 imb:25966 pmb:6273 smb:97361 d:- ref:0 ;
in:212 out:212 type:B dur:8 cpbdur:8 q:42.44 aq:35.51 tex:55279 mv:154947 misc:61566 imb:6037 pmb:11375 smb:112188 d:- ref:0 ;
in:211 out:213 type:b dur:8 cpbdur:8 q:42.44 aq:35.88 tex:26177 mv:96677 misc:44938 imb:3129 pmb:7578 smb:118893 d:- ref:0 ;
in:213 out:214 type:b dur:8 cpbdur:8 q:42.44 aq:36.33 tex:33564 mv:95840 misc:46620 imb:3233 pmb:7646 smb:118721 d:- ref:0 ;
in:218 out:215 type:P dur:8 cpbdur:8 q:42.38 aq:34.77 tex:241714 mv:236488 misc:74526 imb:39741 pmb:6472 smb:83387 d:- ref:0 ;
in:216 out:216 type:B dur:8 cpbdur:8 q:42.41 aq:35.96 tex:98735 mv:196127 misc:71314 imb:8254 pmb:13979 smb:107367 d:- ref:0 ;
in:215 out:217 type:b dur:8 cpbdur:8 q:42.42 aq:36.54 tex:36895 mv:85617 misc:43176 imb:2578 pmb:7324 smb:119698 d:- ref:0 ;
in:217 out:218 type:b dur:8 cpbdur:8 q:42.39 aq:35.80 tex:68172 mv:123064 misc:51156 imb:4490 pmb:10016 smb:115094 d:- ref:0 ;
in:219 out:219 type:P dur:8 cpbdur:8 q:42.30 aq:33.58 tex:209018 mv:211560 misc:74238 imb:33588 pmb:6517 smb:89495 d:- ref:0 ;
in:223 out:220 type:P dur:8 cpbdur:8 q:42.27 aq:35.29 tex:260153 mv:245089 misc:80230 imb:40169 pmb:6806 smb:82625 d:- ref:0 ;
in:221 out:221 type:B dur:8 cpbdur:8 q:42.28 aq:34.44 tex:131816 mv:249962 misc:80302 imb:10654 pmb:16340 smb:102606 d:- ref:0 ;
in:220 out:222 type:b dur:8 cpbdur:8 q:42.29 aq:34.99 tex:82592 mv:141728 misc:53448 imb:7058 pmb:10191 smb:112351 d:- ref:0 ;
in:222 out:223 type:b dur:8 cpbdur:8 q:42.28 aq:36.14 tex:52685 mv:126175 misc:56700 imb:3545 pmb:10538 smb:115517 d:- ref:0 ;
in:226 out:224 type:P dur:8 cpbdur:8 q:42.24 aq:34.69 tex:305802 mv:265272 misc:82758 imb:52080 pmb:4990 smb:72530 d:- ref:0 ;
in:224 out:225 type:B dur:8 cpbdur:8 q:42.26 aq:35.06 tex:93970 mv:218201 misc:77493 imb:10656 pmb:13242 smb:105702 d:- ref:0 ;
in:225 out:226 type:b dur:8 cpbdur:8 q:42.25 aq:34.99 tex:88642 mv:217121 misc:75829 imb:10129 pmb:12916 smb:106555 d:- ref:0 ;
in:229 out:227 type:P dur:8 cpbdur:8 q:42.15 aq:33.78 tex:346086 mv:289293 misc:77541 imb:60750 pmb:4821 smb:64029 d:- ref:0 ;
in:227 out:228 type:B dur:8 cpbdur:8 q:42.21 aq:34.86 tex:114774 mv:254163 misc:81151 imb:13714 pmb:13811 smb:102075 d:- ref:0 ;
in:228 out:229 type:b dur:8 cpbdur:8 q:42.18 aq:34.43 tex:102205 mv:232545 misc:77954 imb:11451 pmb:13430 smb:104719 d:- ref:0 ;
in:230 out:230 type:P dur:8 cpbdur:8 q:42.05 aq:33.77 tex:173989 mv:200508 misc:82511 imb:26605 pmb:5618 smb:97377 d:- ref:0 ;
in:231 out:231 type:P dur:8 cpbdur:8 q:42.06 aq:33.44 tex:198758 mv:216547 misc:87167 imb:31187 pmb:5741 smb:92672 d:- ref:0 ;
in:232 out:232 type:P dur:8 cpbdur:8 q:42.08 aq:33.82 tex:200455 mv:219636 misc:86525 imb:31894 pmb:5730 smb:91976 d:- ref:0 ;
in:233 out:233 type:P dur:8 cpbdur:8 q:42.11 aq:34.00 tex:208780 mv:222798 misc:87030 imb:32916 pmb:5656 smb:91028 d:- ref:0 ;
in:234 out:234 type:P dur:8 cpbdur:8 q:42.11 aq:33.54 tex:204425 mv:224236 misc:89035 imb:32797 pmb:5742 smb:91061 d:- ref:0 ;
in:235 out:235 type:P dur:8 cpbdur:8 q:42.09 aq:33.83 tex:181604 mv:207672 misc:87108 imb:28454 pmb:5762 smb:95384 d:- ref:0 ;
in:236 out:236 type:I dur:8 cpbdur:8 q:39.42 aq:31.35 tex:673516 mv:387977 misc:3227 imb:129600 pmb:0 smb:0 d:- ref:;
in:240 out:237 type:P dur:8 cpbdur:8 q:42.24 aq:33.86 tex:284336 mv:269466 misc:80814 imb:48857 pmb:5689 smb:75054 d:- ref:0 ;
in:238 out:238 type:B dur:8 cpbdur:8 q:42.24 aq:34.99 tex:100477 mv:242336 misc:75619 imb:11970 pmb:14112 smb:103518 d:- ref:0 ;
in:237 out:239 type:b dur:8 cpbdur:8 q:42.24 aq:35.60 tex:59919 mv:194064 misc:64929 imb:8348 pmb:12420 smb:108832 d:- ref:0 ;
in:239 out:240 type:b dur:8 cpbdur:8 q:42.24 aq:36.18 tex:44952 mv:143167 misc:56817 imb:5080 pmb:9943 smb:114577 d:- ref:0 ;
in:244 out:241 type:P dur:8 cpbdur:8 q:42.34 aq:34.29 tex:240803 mv:250827 misc:87026 imb:43156 pmb:5758 smb:80686 d:- ref:0 ;
in:242 out:242 type:B dur:8 cpbdur:8 q:42.29 aq:34.16 tex:81836 mv:198822 misc:72358 imb:8721 pmb:12419 smb:108460 d:- ref:0 ;
in:241 out:243 type:b dur:8 cpbdur:8 q:42.26 aq:34.96 tex:47383 mv:139010 misc:56247 imb:4952 pmb:9455 smb:115193 d:- ref:0 ;
in:243 out:244 type:b dur:8 cpbdur:8 q:42.31 aq:35.22 tex:35120 mv:82373 misc:39835 imb:2521 pmb:6577 smb:120502 d:- ref:0 ;
in:248 out:245 type:P dur:8 cpbdur:8 q:42.40 aq:35.03 tex:199801 mv:230719 misc:87880 imb:31301 pmb:6422 smb:91877 d:- ref:0 ;
in:246 out:246 type:B dur:8 cpbdur:8 q:42.37 aq:34.86 tex:69457 mv:162667 misc:62828 imb:5762 pmb:10896 smb:112942 d:- ref:0 ;
in:245 out:247 type:b dur:8 cpbdur:8 q:42.35 aq:35.28 tex:36576 mv:85081 misc:39967 imb:2487 pmb:6769 smb:120344 d:- ref:0 ;
in:247 out:248 type:b dur:8 cpbdur:8 q:42.38 aq:35.58 tex:31561 mv:73744 misc:39135 imb:1830 pmb:6451 smb:121319 d:- ref:0 ;
in:252 out:249 type:P dur:8 cpbdur:8 q:42.43 aq:34.53 tex:217269 mv:229190 misc:83861 imb:40458 pmb:5468 smb:83674 d:- ref:0 ;
in:250 out:250 type:B dur:8 cpbdur:8 q:42.41 aq:34.37 tex:90523 mv:222142 misc:76431 imb:9077 pmb:13829 smb:106694 d:- ref:0 ;
in:249 out:251 type:b dur:8 cpbdur:8 q:42.40 aq:34.35 tex:37693 mv:95467 misc:46864 imb:2698 pmb:8078 smb:118824 d:- ref:0 ;
in:251 out:252 type:b dur:8 cpbdur:8 q:42.42 aq:35.50 tex:49762 mv:116231 misc:50895 imb:3687 pmb:8900 smb:117013 d:- ref:0 ;
in:255 out:253 type:P dur:8 cpbdur:8 q:42.37 aq:34.55 tex:258552 mv:237492 misc:80668 imb:49659 pmb:4557 smb:75384 d:- ref:0 ;
in:253 out:254 type:B dur:8 cpbdur:8 q:42.41 aq:34.24 tex:87917 mv:208136 misc:71915 imb:10201 pmb:11620 smb:107779 d:- ref:0 ;
in:254 out:255 type:b dur:8 cpbdur:8 q:42.39 aq:33.59 tex:86626 mv:219628 misc:73434 imb:10974 pmb:11702 smb:106924 d:- ref:0 ;
in:256 out:256 type:P dur:8 cpbdur:8 q:42.26 aq:33.74 tex:185728 mv:205217 misc:83415 imb:31949 pmb:5047 smb:92604 d:- ref:0 ;
in:257 out:257 type:P dur:8 cpbdur:8 q:42.25 aq:33.17 tex:192683 mv:207154 misc:82939 imb:35525 pmb:4622 smb:89453 d:- ref:0 ;
in:258 out:258 type:P dur:8 cpbdur:8 q:42.22 aq:32.68 tex:199400 mv:215401 misc:84703 imb:39877 pmb:4619 smb:85104 d:- ref:0 ;
in:259 out:259 type:P dur:8 cpbdur:8 q:42.18 aq:33.94 tex:159716 mv:184653 misc:80071 imb:32108 pmb:4287 smb:93205 d:- ref:0 ;
in:260 out:260 type:P dur:8 cpbdur:8 q:42.13 aq:33.16 tex:190682 mv:204108 misc:86098 imb:37414 pmb:4432 smb:87754 d:- ref:0 ;
in:261 out:261 type:P dur:8 cpbdur:8 q:42.13 aq:33.15 tex:196836 mv:208643 misc:85505 imb:39629 pmb:4426 smb:85545 d:- ref:0 ;
in:262 out:262 type:P dur:8 cpbdur:8 q:42.13 aq:33.34 tex:205438 mv:212911 misc:85515 imb:38495 pmb:4656 smb:86449 d:- ref:0 ;
in:263 out:263 type:P dur:8 cpbdur:8 q:42.09 aq:32.84 tex:243363 mv:242980 misc:86561 imb:48489 pmb:4714 smb:76397 d:- ref:0 ;
in:264 out:264 type:P dur:8 cpbdur:8 q:42.06 aq:33.04 tex:223900 mv:234439 misc:83373 imb:45214 pmb:4959 smb:79427 d:- ref:0 ;
in:265 out:265 type:P dur:8 cpbdur:8 q:42.08 aq:33.24 tex:219641 mv:240871 misc:87536 imb:42234 pmb:5378 smb:81988 d:- ref:0 ;
in:266 out:266 type:P dur:8 cpbdur:8 q:42.08 aq:32.16 tex:216894 mv:243044 misc:89766 imb:39712 pmb:5221 smb:84667 d:- ref:0 ;
in:267 out:267 type:P dur:8 cpbdur:8 q:42.08 aq:32.90 tex:207073 mv:237581 misc:85210 imb:38622 pmb:5447 smb:85531 d:- ref:0 ;
in:268 out:268 type:P dur:8 cpbdur:8 q:42.09 aq:32.61 tex:224544 mv:237920 misc:83744 imb:41358 pmb:5235 smb:83007 d:- ref:0 ;
in:269 out:269 type:P dur:8 cpbdur:8 q:42.10 aq:32.31 tex:239454 mv:248084 misc:82998 imb:45244 pmb:5024 smb:79332 d:- ref:0 ;
in:270 out:270 type:P dur:8 cpbdur:8 q:42.11 aq:34.82 tex:166140 mv:192848 misc:75292 imb:33603 pmb:4475 smb:91522 d:- ref:0 ;
in:271 out:271 type:P dur:8 cpbdur:8 q:42.13 aq:32.13 tex:228042 mv:234936 misc:85598 imb:45396 pmb:4537 smb:79667 d:- ref:0 ;
in:272 out:272 type:P dur:8 cpbdur:8 q:42.13 aq:32.83 tex:178743 mv:201494 misc:80035 imb:35785 pmb:4515 smb:89300 d:- ref:0 ;
in:273 out:273 type:P dur:8 cpbdur:8 q:42.14 aq:32.16 tex:188359 mv:196539 misc:76710 imb:36123 pmb:4021 smb:89456 d:- ref:0 ;
in:274 out:274 type:P dur:8 cpbdur:8 q:42.16 aq:32.01 tex:176505 mv:182420 misc:76155 imb:32705 pmb:3950 smb:92945 d:- ref:0 ;
in:275 out:275 type:P dur:8 cpbdur:8 q:42.18 aq:31.71 tex:140914 mv:159404 misc:69746 imb:26344 pmb:3817 smb:99439 d:- ref:0 ;
in:276 out:276 type:P dur:8 cpbdur:8 q:42.20 aq:32.19 tex:140727 mv:155423 misc:64258 imb:27943 pmb:3378 smb:98279 d:- ref:0 ;
in:277 out:277 type:P dur:8 cpbdur:8 q:42.22 aq:32.08 tex:158903 mv:166852 misc:71205 imb:28991 pmb:3414 smb:97195 d:- ref:0 ;
in:278 out:278 type:P dur:8 cpbdur:8 q:42.24 aq:31.87 tex:181986 mv:191666 misc:79428 imb:33365 pmb:3929 smb:92306 d:- ref:0 ;
in:279 out:279 type:P dur:8 cpbdur:8 q:42.26 aq:31.30 tex:218477 mv:222511 misc:84956 imb:40702 pmb:4067 smb:84831 d:- ref:0 ;
in:280 out:280 type:P dur:8 cpbdur:8 q:42.28 aq:31.34 tex:200863 mv:219614 misc:82955 imb:37897 pmb:4170 smb:87533 d:- ref:0 ;
in:281 out:281 type:P dur:8 cpbdur:8 q:42.29 aq:31.33 tex:207131 mv:224218 misc:84995 imb:38160 pmb:4236 smb:87204 d:- ref:0 ;
in:282 out:282 type:P dur:8 cpbdur:8 q:42.28 aq:31.61 tex:197220 mv:212615 misc:81389 imb:33783 pmb:4349 smb:91468 d:- ref:0 w:5,33,0 ;
in:283 out:283 type:P dur:8 cpbdur:8 q:42.29 aq:31.44 tex:247944 mv:250212 misc:84516 imb:48462 pmb:4153 smb:76985 d:- ref:0 ;
in:284 out:284 type:P dur:8 cpbdur:8 q:42.29 aq:31.89 tex:230593 mv:239946 misc:83957 imb:39863 pmb:4568 smb:85169 d:- ref:0 ;
in:285 out:285 type:P dur:8 cpbdur:8 q:42.28 aq:32.36 tex:225053 mv:232180 misc:80711 imb:38434 pmb:4425 smb:86741 d:- ref:0 ;
in:286 out:286 type:P dur:6 cpbdur:6 q:43.26 aq:32.80 tex:254528 mv:260123 misc:80077 imb:51994 pmb:3946 smb:73660 d:- ref:0 ;
in:287 out:287 type:P dur:8 cpbdur:8 q:42.24 aq:33.81 tex:357810 mv:308347 misc:61819 imb:81297 pmb:2995 smb:45308 d:- ref:0 ;
in:288 out:288 type:P dur:8 cpbdur:8 q:42.22 aq:32.26 tex:285814 mv:283181 misc:76445 imb:62063 pmb:4061 smb:63476 d:- ref:0 ;
in:289 out:289 type:P dur:8 cpbdur:8 q:42.20 aq:32.12 tex:267230 mv:263048 misc:79690 imb:53643 pmb:4123 smb:71834 d:- ref:0 ;
in:290 out:290 type:P dur:8 cpbdur:8 q:42.19 aq:32.20 tex:292859 mv:275559 misc:76574 imb:62135 pmb:3598 smb:63867 d:- ref:0 ;
in:291 out:291 type:P dur:8 cpbdur:8 q:42.20 aq:33.37 tex:266665 mv:256124 misc:72259 imb:57978 pmb:3753 smb:67869 d:- ref:0 ;
in:292 out:292 type:P dur:8 cpbdur:8 q:42.22 aq:33.39 tex:272060 mv:265834 misc:76178 imb:58564 pmb:3995 smb:67041 d:- ref:0 ;
in:293 out:293 type:P dur:8 cpbdur:8 q:42.25 aq:33.69 tex:282062 mv:266928 misc:72242 imb:59917 pmb:3784 smb:65899 d:- ref:0 ;
in:294 out:294 type:P dur:8 cpbdur:8 q:42.27 aq:33.82 tex:310606 mv:292652 misc:74038 imb:64805 pmb:4171 smb:60624 d:- ref:0 ;
in:295 out:295 type:P dur:8 cpbdur:8 q:42.32 aq:33.41 tex:351436 mv:330074 misc:77498 imb:70673 pmb:5056 smb:53871 d:- ref:0 ;
in:296 out:296 type:P dur:8 cpbdur:8 q:42.36 aq:33.62 tex:329673 mv:321369 misc:77062 imb:65073 pmb:5856 smb:58671 d:- ref:0 ;
in:297 out:297 type:P dur:8 cpbdur:8 q:42.40 aq:33.18 tex:375025 mv:359338 misc:68133 imb:79358 pmb:5763 smb:44479 d:- ref:0 ;
in:298 out:298 type:P dur:8 cpbdur:8 q:42.46 aq:32.70 tex:365271 mv:345845 misc:64884 imb:76765 pmb:5178 smb:47657 d:- ref:0 ;
in:299 out:299 type:P dur:8 cpbdur:8 q:42.53 aq:32.55 tex:320787 mv:321348 misc:60897 imb:75767 pmb:4121 smb:49712 d:- ref:0 ;
in:300 out:300 type:P dur:8 cpbdur:8 q:42.57 aq:36.06 tex:311332 mv:297321 misc:50571 imb:78254 pmb:3891 smb:47455 d:- ref:0 ;
in:301 out:301 type:P dur:8 cpbdur:8 q:42.64 aq:33.78 tex:452383 mv:377439 misc:45314 imb:100122 pmb:4428 smb:25050 d:- ref:0 ;
in:302 out:302 type:P dur:10 cpbdur:10 q:41.93 aq:33.69 tex:443314 mv:373196 misc:57042 imb:92065 pmb:5276 smb:32259 d:- ref:0 ;
in:303 out:303 type:P dur:8 cpbdur:8 q:42.73 aq:34.86 tex:479229 mv:385309 misc:55494 imb:92626 pmb:5590 smb:31384 d:- ref:0 ;
in:304 out:304 type:P dur:8 cpbdur:8 q:42.75 aq:35.26 tex:415867 mv:348947 misc:73162 imb:74795 pmb:6228 smb:48577 d:- ref:0 ;
in:305 out:305 type:P dur:8 cpbdur:8 q:42.78 aq:34.75 tex:390271 mv:336980 misc:81341 imb:67127 pmb:6606 smb:55867 d:- ref:0 ;
in:306 out:306 type:P dur:8 cpbdur:8 q:42.81 aq:34.83 tex:330186 mv:299280 misc:88486 imb:53939 pmb:6291 smb:69370 d:- ref:0 ;
in:307 out:307 type:P dur:8 cpbdur:8 q:42.86 aq:34.85 tex:335771 mv:297644 misc:84385 imb:59473 pmb:5324 smb:64803 d:- ref:0 ;
in:308 out:308 type:P dur:8 cpbdur:8 q:42.91 aq:34.64 tex:291878 mv:279017 misc:85313 imb:54350 pmb:5089 smb:70161 d:- ref:0 ;
in:309 out:309 type:P dur:8 cpbdur:8 q:42.98 aq:34.61 tex:238845 mv:239899 misc:84200 imb:43848 pmb:4767 smb:80985 d:- ref:0 ;
in:310 out:310 type:P dur:8 cpbdur:8 q:43.05 aq:34.97 tex:304715 mv:277337 misc:85980 imb:49101 pmb:5702 smb:74797 d:- ref:0 ;
in:311 out:311 type:P dur:8 cpbdur:8 q:43.11 aq:35.48 tex:270021 mv:250022 misc:84525 imb:42404 pmb:5835 smb:81361 d:- ref:0 ;
in:312 out:312 type:P dur:8 cpbdur:8 q:43.15 aq:35.30 tex:268108 mv:244881 misc:84587 imb:40768 pmb:5898 smb:82934 d:- ref:0 ;
in:313 out:313 type:P dur:8 cpbdur:8 q:43.21 aq:35.13 tex:253286 mv:245041 misc:86209 imb:41203 pmb:5642 smb:82755 d:- ref:0 ;
in:314 out:314 type:P dur:8 cpbdur:8 q:43.27 aq:35.17 tex:248059 mv:243504 misc:85981 imb:42439 pmb:5400 smb:81761 d:- ref:0 ;
in:315 out:315 type:P dur:8 cpbdur:8 q:43.36 aq:34.97 tex:248177 mv:242307 misc:79172 imb:47724 pmb:4995 smb:76881 d:- ref:0 ;
in:316 out:316 type:P dur:8 cpbdur:8 q:43.44 aq:34.84 tex:228147 mv:232181 misc:81376 imb:41111 pmb:5092 smb:83397 d:- ref:0 ;
in:317 out:317 type:P dur:8 cpbdur:8 q:43.51 aq:35.49 tex:261347 mv:240238 misc:81751 imb:42147 pmb:5627 smb:81826 d:- ref:0 ;
in:318 out:318 type:P dur:8 cpbdur:8 q:43.57 aq:35.42 tex:272184 mv:250412 misc:78892 imb:44599 pmb:6126 smb:78875 d:- ref:0 ;
in:319 out:319 type:I dur:8 cpbdur:8 q:39.87 aq:32.23 tex:912471 mv:487962 misc:4063 imb:129600 pmb:0 smb:0 d:- ref:;
in:321 out:320 type:P dur:8 cpbdur:8 q:43.68 aq:35.95 tex:343701 mv:282367 misc:62956 imb:54419 pmb:6058 smb:69123 d:- ref:0 ;
in:320 out:321 type:b dur:8 cpbdur:8 q:43.68 aq:36.53 tex:99465 mv:221499 misc:72700 imb:9744 pmb:16217 smb:103639 d:- ref:0 ;
in:324 out:322 type:P dur:8 cpbdur:8 q:43.68 aq:35.42 tex:409709 mv:309151 misc:58996 imb:79107 pmb:3919 smb:46574 d:- ref:0 ;
in:322 out:323 type:B dur:8 cpbdur:8 q:43.68 aq:35.70 tex:138583 mv:265960 misc:83785 imb:14099 pmb:16319 smb:99182 d:- ref:0 ;
in:323 out:324 type:b dur:8 cpbdur:8 q:43.68 aq:36.28 tex:113828 mv:233178 misc:77186 imb:11671 pmb:14782 smb:103147 d:- ref:0 ;
in:326 out:325 type:P dur:8 cpbdur:8 q:43.65 aq:35.16 tex:350754 mv:285544 misc:67566 imb:65208 pmb:4728 smb:59664 d:- ref:0 ;
in:325 out:326 type:b dur:8 cpbdur:8 q:43.67 aq:35.25 tex:105113 mv:213109 misc:75250 imb:11168 pmb:14244 smb:104188 d:- ref:0 ;
in:328 out:327 type:P dur:8 cpbdur:8 q:43.64 aq:35.04 tex:411674 mv:319375 misc:60119 imb:78717 pmb:4447 smb:46436 d:- ref:0 ;
in:327 out:328 type:b dur:8 cpbdur:8 q:43.65 aq:34.67 tex:106777 mv:228699 misc:80108 imb:14088 pmb:13794 smb:101718 d:- ref:0 ;
in:329 out:329 type:P dur:8 cpbdur:8 q:43.62 aq:35.25 tex:286139 mv:246321 misc:74132 imb:50736 pmb:4673 smb:74191 d:- ref:0 ;
in:330 out:330 type:P dur:8 cpbdur:8 q:43.63 aq:35.33 tex:294546 mv:260986 misc:75988 imb:58628 pmb:4533 smb:66439 d:- ref:0 ;
in:331 out:331 type:P dur:8 cpbdur:8 q:43.69 aq:34.80 tex:321175 mv:282775 misc:73074 imb:66280 pmb:4194 smb:59126 d:- ref:0 ;
in:332 out:332 type:P dur:8 cpbdur:8 q:43.72 aq:35.18 tex:320611 mv:280694 misc:65399 imb:68361 pmb:4444 smb:56795 d:- ref:0 ;
in:333 out:333 type:P dur:8 cpbdur:8 q:43.74 aq:35.26 tex:396680 mv:320983 misc:53977 imb:86183 pmb:3899 smb:39518 d:- ref:0 ;
in:334 out:334 type:P dur:8 cpbdur:8 q:43.78 aq:35.08 tex:367575 mv:315550 misc:55427 imb:83305 pmb:3750 smb:42545 d:- ref:0 ;
in:335 out:335 type:P dur:8 cpbdur:8 q:43.82 aq:34.46 tex:338360 mv:306126 misc:53402 imb:86205 pmb:3348 smb:40047 d:- ref:0 ;
in:336 out:336 type:P dur:8 cpbdur:8 q:43.84 aq:34.08 tex:310393 mv:290523 misc:54852 imb:80668 pmb:3562 smb:45370 d:- ref:0 ;
in:337 out:337 type:P dur:8 cpbdur:8 q:43.88 aq:34.24 tex:309098 mv:284655 misc:51727 imb:81249 pmb:3296 smb:45055 d:- ref:0 ;
in:338 out:338 type:P dur:8 cpbdur:8 q:43.90 aq:34.52 tex:311519 mv:297229 misc:50084 imb:85918 pmb:3032 smb:40650 d:- ref:0 ;
in:339 out:339 type:P dur:8 cpbdur:8 q:43.95 aq:34.22 tex:326961 mv:302424 misc:56327 imb:83396 pmb:2843 smb:43361 d:- ref:0 ;
in:340 out:340 type:P dur:8 cpbdur:8 q:43.98 aq:34.54 tex:339063 mv:297728 misc:61537 imb:75922 pmb:3432 smb:50246 d:- ref:0 ;
in:341 out:341 type:P dur:8 cpbdur:8 q:44.01 aq:34.62 tex:325363 mv:291128 misc:61197 imb:77156 pmb:3084 smb:49360 d:- ref:0 ;
in:342 out:342 type:P dur:8 cpbdur:8 q:44.03 aq:35.15 tex:341976 mv:303084 misc:61564 imb:77400 pmb:3454 smb:48746 d:- ref:0 ;
in:343 out:343 type:P dur:8 cpbdur:8 q:44.07 aq:35.06 tex:307464 mv:277511 misc:70913 imb:63128 pmb:3707 smb:62765 d:- ref:0 ;
in:344 out:344 type:P dur:8 cpbdur:8 q:44.11 aq:34.43 tex:319968 mv:299551 misc:73425 imb:69344 pmb:3564 smb:56692 d:- ref:0 ;
in:345 out:345 type:P dur:8 cpbdur:8 q:44.15 aq:35.12 tex:296381 mv:282876 misc:68439 imb:66747 pmb:3541 smb:59312 d:- ref:0 ;
in:346 out:346 type:P dur:8 cpbdur:8 q:44.20 aq:34.89 tex:350480 mv:320494 misc:61378 imb:80713 pmb:3392 smb:45495 d:- ref:0 ;
in:347 out:347 type:P dur:8 cpbdur:8 q:44.25 aq:34.50 tex:313071 mv:289007 misc:67482 imb:68646 pmb:3446 smb:57508 d:- ref:0 ;
in:348 out:348 type:P dur:8 cpbdur:8 q:44.28 aq:34.44 tex:300237 mv:283185 misc:66202 imb:69914 pmb:3072 smb:56614 d:- ref:0 ;
in:349 out:349 type:P dur:8 cpbdur:8 q:44.32 aq:34.24 tex:307888 mv:279455 misc:69817 imb:66473 pmb:3339 smb:59788 d:- ref:0 ;
in:350 out:350 type:P dur:8 cpbdur:8 q:44.34 aq:34.62 tex:285574 mv:269316 misc:72942 imb:59987 pmb:3666 smb:65947 d:- ref:0 ;
in:351 out:351 type:P dur:6 cpbdur:6 q:45.37 aq:35.37 tex:236489 mv:241564 misc:75467 imb:51262 pmb:3496 smb:74842 d:- ref:0 ;
in:352 out:352 type:P dur:8 cpbdur:8 q:44.41 aq:36.05 tex:286226 mv:274006 misc:63520 imb:75344 pmb:3012 smb:51244 d:- ref:0 ;
in:353 out:353 type:P dur:8 cpbdur:8 q:44.45 aq:34.88 tex:235591 mv:242656 misc:74769 imb:55268 pmb:3274 smb:71058 d:- ref:0 ;
in:354 out:354 type:P dur:8 cpbdur:8 q:44.49 aq:34.45 tex:215802 mv:228954 misc:76852 imb:50566 pmb:3281 smb:75753 d:- ref:0 ;
in:355 out:355 type:P dur:8 cpbdur:8 q:44.52 aq:34.98 tex:201285 mv:213912 misc:78211 imb:44670 pmb:3225 smb:81705 d:- ref:0 ;
in:356 out:356 type:P dur:8 cpbdur:8 q:44.56 aq:35.50 tex:188120 mv:198649 misc:77759 imb:40605 pmb:3176 smb:85819 d:- ref:0 ;
in:357 out:357 type:P dur:8 cpbdur:8 q:44.59 aq:35.03 tex:180381 mv:194184 misc:80315 imb:38858 pmb:3374 smb:87368 d:- ref:0 ;
in:358 out:358 type:P dur:8 cpbdur:8 q:44.62 aq:35.84 tex:171053 mv:185441 misc:77770 imb:34196 pmb:3586 smb:91818 d:- ref:0 ;
in:359 out:359 type:P dur:8 cpbdur:8 q:44.65 aq:36.49 tex:185171 mv:187311 misc:76838 imb:34851 pmb:3738 smb:91011 d:- ref:0 ;
in:360 out:360 type:P dur:8 cpbdur:8 q:44.68 aq:33.50 tex:221580 mv:234454 misc:94406 imb:44941 pmb:4039 smb:80620 d:- ref:0 ;
in:361 out:361 type:P dur:8 cpbdur:8 q:44.71 aq:35.76 tex:129185 mv:155130 misc:74797 imb:23870 pmb:3878 smb:101852 d:- ref:0 ;
in:362 out:362 type:P dur:8 cpbdur:8 q:44.75 aq:36.31 tex:131023 mv:150676 misc:73661 imb:23726 pmb:3766 smb:102108 d:- ref:0 ;
in:363 out:363 type:P dur:8 cpbdur:8 q:44.78 aq:35.53 tex:125006 mv:144126 misc:74308 imb:22475 pmb:3738 smb:103387 d:- ref:0 ;
in:364 out:364 type:P dur:8 cpbdur:8 q:44.80 aq:35.57 tex:108965 mv:130965 misc:69742 imb:19256 pmb:3651 smb:106693 d:- ref:0 ;
in:365 out:365 type:I dur:8 cpbdur:8 q:41.31 aq:32.29 tex:481785 mv:323347 misc:2660 imb:129600 pmb:0 smb:0 d:- ref:;
in:369 out:366 type:P dur:8 cpbdur:8 q:44.85 aq:38.17 tex:123860 mv:139024 misc:47252 imb:23383 pmb:3176 smb:103041 d:- ref:0 ;
in:367 out:367 type:B dur:8 cpbdur:8 q:44.85 aq:37.61 tex:51883 mv:114982 misc:46671 imb:5789 pmb:8109 smb:115702 d:- ref:0 ;
in:366 out:368 type:b dur:8 cpbdur:8 q:44.85 aq:38.59 tex:28392 mv:67174 misc:33274 imb:2789 pmb:5784 smb:121027 d:- ref:0 ;
in:368 out:369 type:b dur:8 cpbdur:8 q:44.85 aq:38.52 tex:37424 mv:76580 misc:37884 imb:3094 pmb:6642 smb:119864 d:- ref:0 ;
in:372 out:370 type:P dur:8 cpbdur:8 q:44.80 aq:36.80 tex:154225 mv:156210 misc:58845 imb:27668 pmb:3396 smb:98536 d:- ref:0 ;
in:370 out:371 type:B dur:8 cpbdur:8 q:44.83 aq:38.00 tex:54689 mv:111031 misc:45912 imb:5416 pmb:7505 smb:116679 d:- ref:0 ;
in:371 out:372 type:b dur:8 cpbdur:8 q:44.81 aq:38.15 tex:37328 mv:85101 misc:40275 imb:3869 pmb:6219 smb:119512 d:- ref:0 ;
in:376 out:373 type:P dur:8 cpbdur:8 q:44.76 aq:37.56 tex:158333 mv:161086 misc:62317 imb:24439 pmb:4210 smb:100951 d:- ref:0 ;
in:374 out:374 type:B dur:8 cpbdur:8 q:44.78 aq:37.44 tex:71451 mv:139454 misc:56223 imb:6589 pmb:9946 smb:113065 d:- ref:0 ;
in:373 out:375 type:b dur:8 cpbdur:8 q:44.79 aq:37.65 tex:38408 mv:88393 misc:42103 imb:3392 pmb:7124 smb:119084 d:- ref:0 ;
in:375 out:376 type:b dur:8 cpbdur:8 q:44.77 aq:38.25 tex:34175 mv:77077 misc:38612 imb:2891 pmb:6390 smb:120319 d:- ref:0 ;
in:379 out:377 type:P dur:8 cpbdur:8 q:44.67 aq:37.85 tex:126382 mv:137542 misc:57852 imb:23869 pmb:3291 smb:102440 d:- ref:0 ;
in:377 out:378 type:B dur:8 cpbdur:8 q:44.73 aq:38.39 tex:39773 mv:89859 misc:42192 imb:3552 pmb:7177 smb:118871 d:- ref:0 ;
in:378 out:379 type:b dur:8 cpbdur:8 q:44.70 aq:38.21 tex:38016 mv:84347 misc:40957 imb:3281 pmb:6543 smb:119776 d:- ref:0 ;
in:380 out:380 type:i dur:8 cpbdur:8 q:41.59 aq:32.55 tex:471343 mv:320811 misc:2206 imb:129600 pmb:0 smb:0 d:- ref:;
in:382 out:381 type:P dur:8 cpbdur:8 q:44.57 aq:38.70 tex:101252 mv:120715 misc:47305 imb:13882 pmb:3846 smb:111872 d:- ref:0 ;
in:381 out:382 type:b dur:8 cpbdur:8 q:44.57 aq:38.57 tex:32861 mv:67680 misc:33683 imb:2530 pmb:5750 smb:121320 d:- ref:0 ;
